<?xml version="1.0" encoding="UTF-8"?>
<!-- Generated by org.testng.reporters.JUnitReportReporter -->
<testsuite hostname="b72efc257485594" failures="0" tests="1" name="SauceDemo.stepDefinitions.createOrderStepDefinitions" time="0.000" errors="0" timestamp="2025-04-12T13:08:07 IST" skipped="1">
  <testcase classname="SauceDemo.stepDefinitions.createOrderStepDefinitions" name="login" time="0.000">
    <skipped/>
  </testcase> <!-- login -->
  <system-out/>
</testsuite> <!-- SauceDemo.stepDefinitions.createOrderStepDefinitions -->
